<?xml version="1.0" encoding="UTF-8"?>
<testng-results ignored="0" total="1" passed="1" failed="0" skipped="0">
  <reporter-output>
  </reporter-output>
  <suite started-at="2023-06-23T12:27:58 IST" name="Suite" finished-at="2023-06-23T12:28:05 IST" duration-ms="7293">
    <groups>
    </groups>
    <test started-at="2023-06-23T12:27:58 IST" name="Test" finished-at="2023-06-23T12:28:05 IST" duration-ms="7293">
      <class name="Apps.MyWebApp">
        <test-method signature="verifyTitle()[pri:0, instance:Apps.MyWebApp@4a94ee4]" started-at="2023-06-23T12:27:58 IST" name="verifyTitle" finished-at="2023-06-23T12:28:05 IST" duration-ms="7251" status="PASS">
          <reporter-output>
          </reporter-output>
        </test-method> <!-- verifyTitle -->
      </class> <!-- Apps.MyWebApp -->
    </test> <!-- Test -->
  </suite> <!-- Suite -->
</testng-results>
